\BOOKMARK [0][-]{chapter*.2}{LISTA DE ILUSTRA\307\325ES}{}% 1
\BOOKMARK [0][-]{chapter*.3}{LISTA DE TABELAS}{}% 2
\BOOKMARK [0][-]{chapter.1}{Introdu\347\343o}{}% 3
\BOOKMARK [1][-]{section.1.1}{Motiva\347\343o}{chapter.1}% 4
\BOOKMARK [1][-]{section.1.2}{Objetivos}{chapter.1}% 5
\BOOKMARK [1][-]{section.1.3}{Justificativa}{chapter.1}% 6
\BOOKMARK [1][-]{section.1.4}{Estrutura da Monografia}{chapter.1}% 7
\BOOKMARK [0][-]{chapter.2}{Segmenta\347\343o de Imagens}{}% 8
\BOOKMARK [1][-]{section.2.1}{Conceito}{chapter.2}% 9
\BOOKMARK [1][-]{section.2.2}{Segmenta\347\343o para seres humanos e para computadores}{chapter.2}% 10
\BOOKMARK [0][-]{chapter.3}{Algoritmos de Segmenta\347\343o}{}% 11
\BOOKMARK [1][-]{section.3.1}{Thresholding}{chapter.3}% 12
\BOOKMARK [2][-]{subsection.3.1.1}{Threshold Global}{section.3.1}% 13
\BOOKMARK [2][-]{subsection.3.1.2}{Threshold Local \(ou din\342mico\)}{section.3.1}% 14
\BOOKMARK [1][-]{section.3.2}{Baseado em Bordas}{chapter.3}% 15
\BOOKMARK [1][-]{section.3.3}{Baseado em Regi\365es}{chapter.3}% 16
\BOOKMARK [2][-]{subsection.3.3.1}{Split and Merge}{section.3.3}% 17
\BOOKMARK [3][-]{subsubsection.3.3.1.1}{Procedimento}{subsection.3.3.1}% 18
\BOOKMARK [3][-]{subsubsection.3.3.1.2}{EXEMPLO - QUADTREE}{subsection.3.3.1}% 19
\BOOKMARK [2][-]{subsection.3.3.2}{Region growing \(abordagem bottom-up\)}{section.3.3}% 20
\BOOKMARK [3][-]{subsubsection.3.3.2.1}{Procedimento}{subsection.3.3.2}% 21
\BOOKMARK [3][-]{subsubsection.3.3.2.2}{EXEMPLO - WATERSHED}{subsection.3.3.2}% 22
\BOOKMARK [0][-]{chapter.4}{Algoritmo watershed Adaptado}{}% 23
\BOOKMARK [1][-]{section.4.1}{Watershed}{chapter.4}% 24
\BOOKMARK [1][-]{section.4.2}{Watershed Algorithm Based On Connected Components}{chapter.4}% 25
\BOOKMARK [1][-]{section.4.3}{Implementa\347\343o do Algoritmo}{chapter.4}% 26
\BOOKMARK [2][-]{subsection.4.3.1}{Pr\351-Processamento}{section.4.3}% 27
\BOOKMARK [3][-]{subsubsection.4.3.1.1}{Convers\343o para Cinza}{subsection.4.3.1}% 28
\BOOKMARK [3][-]{subsubsection.4.3.1.2}{Filtro Bilateral}{subsection.4.3.1}% 29
\BOOKMARK [3][-]{subsubsection.4.3.1.3}{Operador Sobel}{subsection.4.3.1}% 30
\BOOKMARK [3][-]{subsubsection.4.3.1.4}{Operadores Morfol\363gicos}{subsection.4.3.1}% 31
\BOOKMARK [2][-]{subsection.4.3.2}{Segmenta\347\343o por T\351cnica Baseada em Watershed}{section.4.3}% 32
\BOOKMARK [3][-]{subsubsection.4.3.2.1}{Step 1}{subsection.4.3.2}% 33
\BOOKMARK [3][-]{subsubsection.4.3.2.2}{Step 2}{subsection.4.3.2}% 34
\BOOKMARK [3][-]{subsubsection.4.3.2.3}{Step 3}{subsection.4.3.2}% 35
\BOOKMARK [2][-]{subsection.4.3.3}{P\363s-Processamento}{section.4.3}% 36
\BOOKMARK [0][-]{chapter.5}{Ambiente de Desenvolvimento}{}% 37
\BOOKMARK [1][-]{section.5.1}{Android}{chapter.5}% 38
\BOOKMARK [1][-]{section.5.2}{NDK}{chapter.5}% 39
\BOOKMARK [1][-]{section.5.3}{JNI}{chapter.5}% 40
\BOOKMARK [1][-]{section.5.4}{Aplica\347\343o do JNI}{chapter.5}% 41
\BOOKMARK [1][-]{section.5.5}{OpenCV Java e OpenCV Nativo}{chapter.5}% 42
\BOOKMARK [1][-]{section.5.6}{Dispositivos de Testes}{chapter.5}% 43
\BOOKMARK [2][-]{subsection.5.6.1}{Firebase}{section.5.6}% 44
\BOOKMARK [3][-]{subsubsection.5.6.1.1}{Layout}{subsection.5.6.1}% 45
\BOOKMARK [0][-]{chapter.6}{Aplica\347\343o}{}% 46
\BOOKMARK [1][-]{section.6.1}{Aquisi\347\343o da imagem}{chapter.6}% 47
\BOOKMARK [2][-]{subsection.6.1.1}{Galeria de imagens}{section.6.1}% 48
\BOOKMARK [2][-]{subsection.6.1.2}{C\342mera}{section.6.1}% 49
\BOOKMARK [1][-]{section.6.2}{Segmenta\347\343o da imagem}{chapter.6}% 50
\BOOKMARK [2][-]{subsection.6.2.1}{Watershed Desenvolvido}{section.6.2}% 51
\BOOKMARK [0][-]{chapter.7}{Conclus\343o}{}% 52
\BOOKMARK [0][-]{chapter.8}{Cronograma}{}% 53
\BOOKMARK [1][-]{section.8.1}{Defini\347\343o de Etapas}{chapter.8}% 54
\BOOKMARK [2][-]{subsection.8.1.1}{Escolha do Tema e Estudo de Viabilidade}{section.8.1}% 55
\BOOKMARK [2][-]{subsection.8.1.2}{Revis\343o Bibliogr\341fica}{section.8.1}% 56
\BOOKMARK [2][-]{subsection.8.1.3}{Elabora\347\343o da Monografia}{section.8.1}% 57
\BOOKMARK [2][-]{subsection.8.1.4}{Estudo e An\341lise dos Algoritmos de Segmenta\347\343o de Imagem}{section.8.1}% 58
\BOOKMARK [2][-]{subsection.8.1.5}{Implementa\347\343o}{section.8.1}% 59
\BOOKMARK [2][-]{subsection.8.1.6}{Teste}{section.8.1}% 60
\BOOKMARK [2][-]{subsection.8.1.7}{Entrega do Relat\363rio Final e Apresenta\347\343o}{section.8.1}% 61
\BOOKMARK [1][-]{section.8.2}{Entreg\341veis}{chapter.8}% 62
\BOOKMARK [0][-]{chapter.9}{ REFER\312NCIAS BIBLIOGR\301FICAS }{}% 63
\BOOKMARK [0][-]{chapter.10}{ANEXOS}{}% 64
\BOOKMARK [1][-]{section.10.1}{ANEXO 1: Ferramentas}{chapter.10}% 65
\BOOKMARK [1][-]{section.10.2}{Android Studio}{chapter.10}% 66
\BOOKMARK [1][-]{section.10.3}{OpenCV}{chapter.10}% 67
\BOOKMARK [1][-]{section.10.4}{Android SDK}{chapter.10}% 68
\BOOKMARK [1][-]{section.10.5}{Android NDK}{chapter.10}% 69
